{"C:\\projects\\proyecto-poi-app\\backend\\src\\app.js": {"path":"C:\\projects\\proyecto-poi-app\\backend\\src\\app.js","statementMap":{"0":{"start":{"line":1,"column":16},"end":{"line":1,"column":34}},"1":{"start":{"line":2,"column":13},"end":{"line":2,"column":28}},"2":{"start":{"line":3,"column":17},"end":{"line":3,"column":36}},"3":{"start":{"line":4,"column":18},"end":{"line":4,"column":48}},"4":{"start":{"line":6,"column":21},"end":{"line":6,"column":45}},"5":{"start":{"line":7,"column":18},"end":{"line":7,"column":47}},"6":{"start":{"line":8,"column":23},"end":{"line":8,"column":55}},"7":{"start":{"line":10,"column":21},"end":{"line":10,"column":54}},"8":{"start":{"line":11,"column":13},"end":{"line":11,"column":28}},"9":{"start":{"line":13,"column":12},"end":{"line":13,"column":21}},"10":{"start":{"line":14,"column":0},"end":{"line":14,"column":16}},"11":{"start":{"line":15,"column":0},"end":{"line":15,"column":24}},"12":{"start":{"line":18,"column":14},"end":{"line":18,"column":42}},"13":{"start":{"line":19,"column":0},"end":{"line":19,"column":62}},"14":{"start":{"line":22,"column":0},"end":{"line":22,"column":32}},"15":{"start":{"line":23,"column":0},"end":{"line":23,"column":66}},"16":{"start":{"line":26,"column":0},"end":{"line":26,"column":72}},"17":{"start":{"line":27,"column":0},"end":{"line":27,"column":30}},"18":{"start":{"line":29,"column":0},"end":{"line":33,"column":36}},"19":{"start":{"line":32,"column":14},"end":{"line":32,"column":46}},"20":{"start":{"line":33,"column":16},"end":{"line":33,"column":34}},"21":{"start":{"line":35,"column":0},"end":{"line":35,"column":21}}},"fnMap":{"0":{"name":"(anonymous_0)","decl":{"start":{"line":32,"column":8},"end":{"line":32,"column":9}},"loc":{"start":{"line":32,"column":14},"end":{"line":32,"column":46}},"line":32},"1":{"name":"(anonymous_1)","decl":{"start":{"line":33,"column":9},"end":{"line":33,"column":10}},"loc":{"start":{"line":33,"column":16},"end":{"line":33,"column":34}},"line":33}},"branchMap":{},"s":{"0":1,"1":1,"2":1,"3":1,"4":1,"5":1,"6":1,"7":1,"8":1,"9":1,"10":1,"11":1,"12":1,"13":1,"14":1,"15":1,"16":1,"17":1,"18":1,"19":1,"20":0,"21":1},"f":{"0":1,"1":0},"b":{},"_coverageSchema":"1a1c01bbd47fc00a2c39e90264f33305004495a9","hash":"5c7e432c671db1bfcb9434a029925903be4b2bb1"}
,"C:\\projects\\proyecto-poi-app\\backend\\src\\controllers\\foursquare.controller.js": {"path":"C:\\projects\\proyecto-poi-app\\backend\\src\\controllers\\foursquare.controller.js","statementMap":{"0":{"start":{"line":1,"column":36},"end":{"line":1,"column":77}},"1":{"start":{"line":2,"column":12},"end":{"line":2,"column":42}},"2":{"start":{"line":3,"column":14},"end":{"line":3,"column":30}},"3":{"start":{"line":5,"column":16},"end":{"line":7,"column":1}},"4":{"start":{"line":9,"column":19},"end":{"line":9,"column":97}},"5":{"start":{"line":10,"column":2},"end":{"line":10,"column":14}},"6":{"start":{"line":14,"column":19},"end":{"line":14,"column":104}},"7":{"start":{"line":15,"column":2},"end":{"line":18,"column":3}},"8":{"start":{"line":16,"column":18},"end":{"line":16,"column":25}},"9":{"start":{"line":17,"column":4},"end":{"line":17,"column":52}},"10":{"start":{"line":19,"column":2},"end":{"line":19,"column":14}},"11":{"start":{"line":22,"column":0},"end":{"line":71,"column":2}},"12":{"start":{"line":23,"column":2},"end":{"line":70,"column":3}},"13":{"start":{"line":24,"column":18},"end":{"line":24,"column":45}},"14":{"start":{"line":25,"column":17},"end":{"line":25,"column":46}},"15":{"start":{"line":27,"column":21},"end":{"line":27,"column":63}},"16":{"start":{"line":29,"column":25},"end":{"line":29,"column":27}},"17":{"start":{"line":31,"column":4},"end":{"line":64,"column":5}},"18":{"start":{"line":32,"column":6},"end":{"line":63,"column":7}},"19":{"start":{"line":33,"column":23},"end":{"line":33,"column":33}},"20":{"start":{"line":34,"column":24},"end":{"line":34,"column":53}},"21":{"start":{"line":35,"column":25},"end":{"line":35,"column":52}},"22":{"start":{"line":37,"column":25},"end":{"line":57,"column":10}},"23":{"start":{"line":59,"column":8},"end":{"line":59,"column":30}},"24":{"start":{"line":60,"column":8},"end":{"line":60,"column":36}},"25":{"start":{"line":62,"column":8},"end":{"line":62,"column":82}},"26":{"start":{"line":66,"column":4},"end":{"line":66,"column":68}},"27":{"start":{"line":68,"column":4},"end":{"line":68,"column":57}},"28":{"start":{"line":69,"column":4},"end":{"line":69,"column":74}}},"fnMap":{"0":{"name":"getPlaceDetails","decl":{"start":{"line":8,"column":15},"end":{"line":8,"column":30}},"loc":{"start":{"line":8,"column":39},"end":{"line":11,"column":1}},"line":8},"1":{"name":"getPlacePhoto","decl":{"start":{"line":13,"column":15},"end":{"line":13,"column":28}},"loc":{"start":{"line":13,"column":37},"end":{"line":20,"column":1}},"line":13},"2":{"name":"(anonymous_2)","decl":{"start":{"line":22,"column":29},"end":{"line":22,"column":30}},"loc":{"start":{"line":22,"column":49},"end":{"line":71,"column":1}},"line":22}},"branchMap":{"0":{"loc":{"start":{"line":15,"column":2},"end":{"line":18,"column":3}},"type":"if","locations":[{"start":{"line":15,"column":2},"end":{"line":18,"column":3}},{"start":{},"end":{}}],"line":15},"1":{"loc":{"start":{"line":24,"column":18},"end":{"line":24,"column":45}},"type":"binary-expr","locations":[{"start":{"line":24,"column":18},"end":{"line":24,"column":33}},{"start":{"line":24,"column":37},"end":{"line":24,"column":45}}],"line":24},"2":{"loc":{"start":{"line":25,"column":17},"end":{"line":25,"column":46}},"type":"binary-expr","locations":[{"start":{"line":25,"column":17},"end":{"line":25,"column":31}},{"start":{"line":25,"column":35},"end":{"line":25,"column":46}}],"line":25},"3":{"loc":{"start":{"line":39,"column":20},"end":{"line":39,"column":68}},"type":"binary-expr","locations":[{"start":{"line":39,"column":20},"end":{"line":39,"column":55}},{"start":{"line":39,"column":59},"end":{"line":39,"column":68}}],"line":39},"4":{"loc":{"start":{"line":55,"column":18},"end":{"line":55,"column":40}},"type":"binary-expr","locations":[{"start":{"line":55,"column":18},"end":{"line":55,"column":32}},{"start":{"line":55,"column":36},"end":{"line":55,"column":40}}],"line":55}},"s":{"0":2,"1":2,"2":2,"3":2,"4":1,"5":1,"6":1,"7":1,"8":1,"9":1,"10":0,"11":2,"12":2,"13":2,"14":2,"15":2,"16":1,"17":1,"18":1,"19":1,"20":1,"21":1,"22":1,"23":1,"24":1,"25":0,"26":1,"27":1,"28":1},"f":{"0":1,"1":1,"2":2},"b":{"0":[1,0],"1":[2,0],"2":[2,0],"3":[1,1],"4":[1,1]},"_coverageSchema":"1a1c01bbd47fc00a2c39e90264f33305004495a9","hash":"50a234f4b57f58b684312633dcb3864c94f5085a"}
,"C:\\projects\\proyecto-poi-app\\backend\\src\\docs\\swaggerOptions.js": {"path":"C:\\projects\\proyecto-poi-app\\backend\\src\\docs\\swaggerOptions.js","statementMap":{"0":{"start":{"line":1,"column":0},"end":{"line":31,"column":2}}},"fnMap":{},"branchMap":{},"s":{"0":1},"f":{},"b":{},"_coverageSchema":"1a1c01bbd47fc00a2c39e90264f33305004495a9","hash":"e5db9ddd06fcf33b732d06bb79f1d70be06e3bce"}
,"C:\\projects\\proyecto-poi-app\\backend\\src\\middlewares\\firebaseAuth.js": {"path":"C:\\projects\\proyecto-poi-app\\backend\\src\\middlewares\\firebaseAuth.js","statementMap":{"0":{"start":{"line":1,"column":14},"end":{"line":1,"column":39}},"1":{"start":{"line":2,"column":0},"end":{"line":2,"column":27}},"2":{"start":{"line":5,"column":0},"end":{"line":10,"column":1}},"3":{"start":{"line":6,"column":2},"end":{"line":9,"column":3}},"4":{"start":{"line":7,"column":27},"end":{"line":7,"column":78}},"5":{"start":{"line":8,"column":4},"end":{"line":8,"column":79}},"6":{"start":{"line":11,"column":0},"end":{"line":31,"column":2}},"7":{"start":{"line":12,"column":21},"end":{"line":12,"column":46}},"8":{"start":{"line":13,"column":16},"end":{"line":13,"column":47}},"9":{"start":{"line":15,"column":2},"end":{"line":15,"column":85}},"10":{"start":{"line":15,"column":14},"end":{"line":15,"column":85}},"11":{"start":{"line":17,"column":2},"end":{"line":20,"column":3}},"12":{"start":{"line":18,"column":4},"end":{"line":18,"column":38}},"13":{"start":{"line":19,"column":4},"end":{"line":19,"column":18}},"14":{"start":{"line":22,"column":2},"end":{"line":30,"column":3}},"15":{"start":{"line":23,"column":20},"end":{"line":23,"column":59}},"16":{"start":{"line":24,"column":4},"end":{"line":24,"column":23}},"17":{"start":{"line":25,"column":4},"end":{"line":25,"column":11}},"18":{"start":{"line":27,"column":4},"end":{"line":27,"column":51}},"19":{"start":{"line":29,"column":4},"end":{"line":29,"column":61}}},"fnMap":{"0":{"name":"(anonymous_0)","decl":{"start":{"line":11,"column":17},"end":{"line":11,"column":18}},"loc":{"start":{"line":11,"column":43},"end":{"line":31,"column":1}},"line":11}},"branchMap":{"0":{"loc":{"start":{"line":5,"column":0},"end":{"line":10,"column":1}},"type":"if","locations":[{"start":{"line":5,"column":0},"end":{"line":10,"column":1}},{"start":{},"end":{}}],"line":5},"1":{"loc":{"start":{"line":6,"column":2},"end":{"line":9,"column":3}},"type":"if","locations":[{"start":{"line":6,"column":2},"end":{"line":9,"column":3}},{"start":{},"end":{}}],"line":6},"2":{"loc":{"start":{"line":15,"column":2},"end":{"line":15,"column":85}},"type":"if","locations":[{"start":{"line":15,"column":2},"end":{"line":15,"column":85}},{"start":{},"end":{}}],"line":15},"3":{"loc":{"start":{"line":17,"column":2},"end":{"line":20,"column":3}},"type":"if","locations":[{"start":{"line":17,"column":2},"end":{"line":20,"column":3}},{"start":{},"end":{}}],"line":17}},"s":{"0":2,"1":2,"2":2,"3":0,"4":0,"5":0,"6":2,"7":9,"8":9,"9":9,"10":1,"11":8,"12":7,"13":7,"14":1,"15":1,"16":1,"17":1,"18":0,"19":0},"f":{"0":9},"b":{"0":[0,2],"1":[0,0],"2":[1,8],"3":[7,1]},"_coverageSchema":"1a1c01bbd47fc00a2c39e90264f33305004495a9","hash":"9d15d29ff2e455b794e268a7e16b724b820fcd6d"}
,"C:\\projects\\proyecto-poi-app\\backend\\src\\models\\poi.model.js": {"path":"C:\\projects\\proyecto-poi-app\\backend\\src\\models\\poi.model.js","statementMap":{"0":{"start":{"line":2,"column":17},"end":{"line":2,"column":36}},"1":{"start":{"line":4,"column":22},"end":{"line":32,"column":2}},"2":{"start":{"line":34,"column":18},"end":{"line":63,"column":2}},"3":{"start":{"line":65,"column":0},"end":{"line":65,"column":50}}},"fnMap":{},"branchMap":{},"s":{"0":3,"1":3,"2":3,"3":3},"f":{},"b":{},"_coverageSchema":"1a1c01bbd47fc00a2c39e90264f33305004495a9","hash":"60f94d561dd0f484ef97734c37cbb1977b0f4377"}
,"C:\\projects\\proyecto-poi-app\\backend\\src\\routes\\foursquare.routes.js": {"path":"C:\\projects\\proyecto-poi-app\\backend\\src\\routes\\foursquare.routes.js","statementMap":{"0":{"start":{"line":1,"column":16},"end":{"line":1,"column":34}},"1":{"start":{"line":2,"column":14},"end":{"line":2,"column":30}},"2":{"start":{"line":3,"column":15},"end":{"line":3,"column":31}},"3":{"start":{"line":4,"column":21},"end":{"line":4,"column":59}},"4":{"start":{"line":6,"column":27},"end":{"line":6,"column":57}},"5":{"start":{"line":18,"column":0},"end":{"line":45,"column":3}},"6":{"start":{"line":19,"column":26},"end":{"line":19,"column":35}},"7":{"start":{"line":21,"column":2},"end":{"line":44,"column":3}},"8":{"start":{"line":22,"column":21},"end":{"line":31,"column":6}},"9":{"start":{"line":33,"column":20},"end":{"line":39,"column":7}},"10":{"start":{"line":33,"column":56},"end":{"line":39,"column":5}},"11":{"start":{"line":41,"column":4},"end":{"line":41,"column":22}},"12":{"start":{"line":43,"column":4},"end":{"line":43,"column":68}},"13":{"start":{"line":47,"column":0},"end":{"line":47,"column":24}}},"fnMap":{"0":{"name":"(anonymous_0)","decl":{"start":{"line":18,"column":36},"end":{"line":18,"column":37}},"loc":{"start":{"line":18,"column":56},"end":{"line":45,"column":1}},"line":18},"1":{"name":"(anonymous_1)","decl":{"start":{"line":33,"column":46},"end":{"line":33,"column":47}},"loc":{"start":{"line":33,"column":56},"end":{"line":39,"column":5}},"line":33}},"branchMap":{},"s":{"0":1,"1":1,"2":1,"3":1,"4":1,"5":1,"6":0,"7":0,"8":0,"9":0,"10":0,"11":0,"12":0,"13":1},"f":{"0":0,"1":0},"b":{},"_coverageSchema":"1a1c01bbd47fc00a2c39e90264f33305004495a9","hash":"aa31dc0424f182631725e05f039064f13b3c2658"}
,"C:\\projects\\proyecto-poi-app\\backend\\src\\routes\\poi.routes.js": {"path":"C:\\projects\\proyecto-poi-app\\backend\\src\\routes\\poi.routes.js","statementMap":{"0":{"start":{"line":1,"column":16},"end":{"line":1,"column":34}},"1":{"start":{"line":2,"column":15},"end":{"line":2,"column":31}},"2":{"start":{"line":3,"column":12},"end":{"line":3,"column":42}},"3":{"start":{"line":4,"column":13},"end":{"line":4,"column":51}},"4":{"start":{"line":5,"column":31},"end":{"line":5,"column":78}},"5":{"start":{"line":11,"column":0},"end":{"line":16,"column":1}},"6":{"start":{"line":12,"column":2},"end":{"line":12,"column":51}},"7":{"start":{"line":14,"column":2},"end":{"line":14,"column":75}},"8":{"start":{"line":15,"column":2},"end":{"line":15,"column":14}},"9":{"start":{"line":17,"column":14},"end":{"line":17,"column":30}},"10":{"start":{"line":29,"column":0},"end":{"line":29,"column":56}},"11":{"start":{"line":60,"column":0},"end":{"line":70,"column":3}},"12":{"start":{"line":61,"column":35},"end":{"line":61,"column":44}},"13":{"start":{"line":62,"column":17},"end":{"line":62,"column":19}},"14":{"start":{"line":64,"column":2},"end":{"line":64,"column":48}},"15":{"start":{"line":64,"column":12},"end":{"line":64,"column":48}},"16":{"start":{"line":65,"column":2},"end":{"line":65,"column":60}},"17":{"start":{"line":65,"column":16},"end":{"line":65,"column":60}},"18":{"start":{"line":66,"column":2},"end":{"line":66,"column":56}},"19":{"start":{"line":66,"column":12},"end":{"line":66,"column":56}},"20":{"start":{"line":68,"column":15},"end":{"line":68,"column":37}},"21":{"start":{"line":69,"column":2},"end":{"line":69,"column":17}},"22":{"start":{"line":94,"column":0},"end":{"line":98,"column":3}},"23":{"start":{"line":95,"column":14},"end":{"line":95,"column":47}},"24":{"start":{"line":96,"column":2},"end":{"line":96,"column":70}},"25":{"start":{"line":96,"column":12},"end":{"line":96,"column":70}},"26":{"start":{"line":97,"column":2},"end":{"line":97,"column":16}},"27":{"start":{"line":140,"column":0},"end":{"line":154,"column":3}},"28":{"start":{"line":141,"column":2},"end":{"line":153,"column":3}},"29":{"start":{"line":142,"column":17},"end":{"line":145,"column":5}},"30":{"start":{"line":147,"column":16},"end":{"line":147,"column":29}},"31":{"start":{"line":148,"column":4},"end":{"line":148,"column":21}},"32":{"start":{"line":149,"column":4},"end":{"line":149,"column":30}},"33":{"start":{"line":151,"column":4},"end":{"line":151,"column":46}},"34":{"start":{"line":152,"column":4},"end":{"line":152,"column":58}},"35":{"start":{"line":185,"column":0},"end":{"line":213,"column":3}},"36":{"start":{"line":186,"column":2},"end":{"line":212,"column":3}},"37":{"start":{"line":187,"column":58},"end":{"line":187,"column":66}},"38":{"start":{"line":190,"column":4},"end":{"line":192,"column":5}},"39":{"start":{"line":191,"column":6},"end":{"line":191,"column":75}},"40":{"start":{"line":194,"column":16},"end":{"line":194,"column":49}},"41":{"start":{"line":195,"column":4},"end":{"line":195,"column":76}},"42":{"start":{"line":195,"column":14},"end":{"line":195,"column":76}},"43":{"start":{"line":197,"column":23},"end":{"line":204,"column":5}},"44":{"start":{"line":206,"column":4},"end":{"line":206,"column":34}},"45":{"start":{"line":207,"column":4},"end":{"line":207,"column":21}},"46":{"start":{"line":209,"column":4},"end":{"line":209,"column":81}},"47":{"start":{"line":211,"column":4},"end":{"line":211,"column":66}},"48":{"start":{"line":239,"column":0},"end":{"line":257,"column":3}},"49":{"start":{"line":240,"column":2},"end":{"line":256,"column":3}},"50":{"start":{"line":241,"column":16},"end":{"line":241,"column":49}},"51":{"start":{"line":242,"column":4},"end":{"line":242,"column":76}},"52":{"start":{"line":242,"column":14},"end":{"line":242,"column":76}},"53":{"start":{"line":244,"column":20},"end":{"line":244,"column":57}},"54":{"start":{"line":245,"column":4},"end":{"line":247,"column":5}},"55":{"start":{"line":246,"column":6},"end":{"line":246,"column":94}},"56":{"start":{"line":249,"column":4},"end":{"line":249,"column":24}},"57":{"start":{"line":250,"column":4},"end":{"line":250,"column":21}},"58":{"start":{"line":252,"column":4},"end":{"line":252,"column":50}},"59":{"start":{"line":254,"column":4},"end":{"line":254,"column":55}},"60":{"start":{"line":255,"column":4},"end":{"line":255,"column":60}},"61":{"start":{"line":283,"column":0},"end":{"line":298,"column":3}},"62":{"start":{"line":284,"column":2},"end":{"line":297,"column":3}},"63":{"start":{"line":285,"column":16},"end":{"line":285,"column":49}},"64":{"start":{"line":286,"column":4},"end":{"line":286,"column":76}},"65":{"start":{"line":286,"column":14},"end":{"line":286,"column":76}},"66":{"start":{"line":288,"column":4},"end":{"line":290,"column":5}},"67":{"start":{"line":289,"column":6},"end":{"line":289,"column":87}},"68":{"start":{"line":292,"column":4},"end":{"line":292,"column":26}},"69":{"start":{"line":293,"column":4},"end":{"line":293,"column":57}},"70":{"start":{"line":295,"column":4},"end":{"line":295,"column":48}},"71":{"start":{"line":296,"column":4},"end":{"line":296,"column":60}},"72":{"start":{"line":328,"column":0},"end":{"line":350,"column":3}},"73":{"start":{"line":329,"column":2},"end":{"line":349,"column":3}},"74":{"start":{"line":330,"column":16},"end":{"line":330,"column":49}},"75":{"start":{"line":331,"column":4},"end":{"line":331,"column":76}},"76":{"start":{"line":331,"column":14},"end":{"line":331,"column":76}},"77":{"start":{"line":333,"column":4},"end":{"line":335,"column":5}},"78":{"start":{"line":334,"column":6},"end":{"line":334,"column":85}},"79":{"start":{"line":336,"column":4},"end":{"line":336,"column":29}},"80":{"start":{"line":337,"column":4},"end":{"line":337,"column":37}},"81":{"start":{"line":338,"column":4},"end":{"line":338,"column":43}},"82":{"start":{"line":339,"column":4},"end":{"line":339,"column":37}},"83":{"start":{"line":340,"column":4},"end":{"line":340,"column":43}},"84":{"start":{"line":341,"column":4},"end":{"line":341,"column":27}},"85":{"start":{"line":342,"column":4},"end":{"line":342,"column":33}},"86":{"start":{"line":344,"column":4},"end":{"line":344,"column":21}},"87":{"start":{"line":345,"column":4},"end":{"line":345,"column":18}},"88":{"start":{"line":347,"column":4},"end":{"line":347,"column":50}},"89":{"start":{"line":348,"column":4},"end":{"line":348,"column":65}},"90":{"start":{"line":374,"column":0},"end":{"line":432,"column":3}},"91":{"start":{"line":376,"column":2},"end":{"line":378,"column":3}},"92":{"start":{"line":377,"column":4},"end":{"line":377,"column":88}},"93":{"start":{"line":380,"column":2},"end":{"line":431,"column":3}},"94":{"start":{"line":381,"column":21},"end":{"line":381,"column":29}},"95":{"start":{"line":382,"column":19},"end":{"line":382,"column":31}},"96":{"start":{"line":384,"column":4},"end":{"line":386,"column":5}},"97":{"start":{"line":385,"column":6},"end":{"line":385,"column":65}},"98":{"start":{"line":388,"column":17},"end":{"line":388,"column":88}},"99":{"start":{"line":390,"column":4},"end":{"line":392,"column":5}},"100":{"start":{"line":391,"column":6},"end":{"line":391,"column":104}},"101":{"start":{"line":394,"column":19},"end":{"line":413,"column":1}},"102":{"start":{"line":397,"column":16},"end":{"line":397,"column":29}},"103":{"start":{"line":415,"column":21},"end":{"line":422,"column":6}},"104":{"start":{"line":424,"column":17},"end":{"line":424,"column":56}},"105":{"start":{"line":426,"column":4},"end":{"line":426,"column":67}},"106":{"start":{"line":429,"column":4},"end":{"line":429,"column":48}},"107":{"start":{"line":430,"column":4},"end":{"line":430,"column":63}},"108":{"start":{"line":457,"column":0},"end":{"line":473,"column":3}},"109":{"start":{"line":458,"column":2},"end":{"line":472,"column":3}},"110":{"start":{"line":459,"column":19},"end":{"line":459,"column":32}},"111":{"start":{"line":462,"column":4},"end":{"line":464,"column":5}},"112":{"start":{"line":463,"column":6},"end":{"line":463,"column":69}},"113":{"start":{"line":466,"column":21},"end":{"line":466,"column":83}},"114":{"start":{"line":468,"column":4},"end":{"line":468,"column":23}},"115":{"start":{"line":470,"column":4},"end":{"line":470,"column":63}},"116":{"start":{"line":471,"column":4},"end":{"line":471,"column":73}},"117":{"start":{"line":499,"column":0},"end":{"line":556,"column":3}},"118":{"start":{"line":500,"column":21},"end":{"line":500,"column":29}},"119":{"start":{"line":501,"column":2},"end":{"line":503,"column":3}},"120":{"start":{"line":502,"column":4},"end":{"line":502,"column":84}},"121":{"start":{"line":505,"column":2},"end":{"line":555,"column":3}},"122":{"start":{"line":506,"column":20},"end":{"line":506,"column":22}},"123":{"start":{"line":508,"column":4},"end":{"line":549,"column":5}},"124":{"start":{"line":509,"column":24},"end":{"line":513,"column":8}},"125":{"start":{"line":515,"column":20},"end":{"line":515,"column":34}},"126":{"start":{"line":517,"column":21},"end":{"line":517,"column":51}},"127":{"start":{"line":518,"column":21},"end":{"line":518,"column":52}},"128":{"start":{"line":520,"column":20},"end":{"line":520,"column":37}},"129":{"start":{"line":521,"column":27},"end":{"line":521,"column":54}},"130":{"start":{"line":523,"column":23},"end":{"line":527,"column":14}},"131":{"start":{"line":529,"column":21},"end":{"line":545,"column":8}},"132":{"start":{"line":547,"column":6},"end":{"line":547,"column":26}},"133":{"start":{"line":548,"column":6},"end":{"line":548,"column":27}},"134":{"start":{"line":551,"column":4},"end":{"line":551,"column":34}},"135":{"start":{"line":553,"column":4},"end":{"line":553,"column":61}},"136":{"start":{"line":554,"column":4},"end":{"line":554,"column":78}},"137":{"start":{"line":558,"column":0},"end":{"line":558,"column":24}}},"fnMap":{"0":{"name":"(anonymous_0)","decl":{"start":{"line":60,"column":16},"end":{"line":60,"column":17}},"loc":{"start":{"line":60,"column":36},"end":{"line":70,"column":1}},"line":60},"1":{"name":"(anonymous_1)","decl":{"start":{"line":94,"column":19},"end":{"line":94,"column":20}},"loc":{"start":{"line":94,"column":39},"end":{"line":98,"column":1}},"line":94},"2":{"name":"(anonymous_2)","decl":{"start":{"line":140,"column":23},"end":{"line":140,"column":24}},"loc":{"start":{"line":140,"column":43},"end":{"line":154,"column":1}},"line":140},"3":{"name":"(anonymous_3)","decl":{"start":{"line":185,"column":29},"end":{"line":185,"column":30}},"loc":{"start":{"line":185,"column":49},"end":{"line":213,"column":1}},"line":185},"4":{"name":"(anonymous_4)","decl":{"start":{"line":239,"column":48},"end":{"line":239,"column":49}},"loc":{"start":{"line":239,"column":68},"end":{"line":257,"column":1}},"line":239},"5":{"name":"(anonymous_5)","decl":{"start":{"line":283,"column":28},"end":{"line":283,"column":29}},"loc":{"start":{"line":283,"column":48},"end":{"line":298,"column":1}},"line":283},"6":{"name":"(anonymous_6)","decl":{"start":{"line":328,"column":25},"end":{"line":328,"column":26}},"loc":{"start":{"line":328,"column":45},"end":{"line":350,"column":1}},"line":328},"7":{"name":"(anonymous_7)","decl":{"start":{"line":374,"column":37},"end":{"line":374,"column":38}},"loc":{"start":{"line":374,"column":57},"end":{"line":432,"column":1}},"line":374},"8":{"name":"(anonymous_8)","decl":{"start":{"line":397,"column":11},"end":{"line":397,"column":12}},"loc":{"start":{"line":397,"column":16},"end":{"line":397,"column":29}},"line":397},"9":{"name":"(anonymous_9)","decl":{"start":{"line":457,"column":30},"end":{"line":457,"column":31}},"loc":{"start":{"line":457,"column":50},"end":{"line":473,"column":1}},"line":457},"10":{"name":"(anonymous_10)","decl":{"start":{"line":499,"column":40},"end":{"line":499,"column":41}},"loc":{"start":{"line":499,"column":60},"end":{"line":556,"column":1}},"line":499}},"branchMap":{"0":{"loc":{"start":{"line":64,"column":2},"end":{"line":64,"column":48}},"type":"if","locations":[{"start":{"line":64,"column":2},"end":{"line":64,"column":48}},{"start":{},"end":{}}],"line":64},"1":{"loc":{"start":{"line":65,"column":2},"end":{"line":65,"column":60}},"type":"if","locations":[{"start":{"line":65,"column":2},"end":{"line":65,"column":60}},{"start":{},"end":{}}],"line":65},"2":{"loc":{"start":{"line":66,"column":2},"end":{"line":66,"column":56}},"type":"if","locations":[{"start":{"line":66,"column":2},"end":{"line":66,"column":56}},{"start":{},"end":{}}],"line":66},"3":{"loc":{"start":{"line":96,"column":2},"end":{"line":96,"column":70}},"type":"if","locations":[{"start":{"line":96,"column":2},"end":{"line":96,"column":70}},{"start":{},"end":{}}],"line":96},"4":{"loc":{"start":{"line":190,"column":4},"end":{"line":192,"column":5}},"type":"if","locations":[{"start":{"line":190,"column":4},"end":{"line":192,"column":5}},{"start":{},"end":{}}],"line":190},"5":{"loc":{"start":{"line":190,"column":8},"end":{"line":190,"column":63}},"type":"binary-expr","locations":[{"start":{"line":190,"column":8},"end":{"line":190,"column":15}},{"start":{"line":190,"column":19},"end":{"line":190,"column":27}},{"start":{"line":190,"column":31},"end":{"line":190,"column":50}},{"start":{"line":190,"column":54},"end":{"line":190,"column":63}}],"line":190},"6":{"loc":{"start":{"line":195,"column":4},"end":{"line":195,"column":76}},"type":"if","locations":[{"start":{"line":195,"column":4},"end":{"line":195,"column":76}},{"start":{},"end":{}}],"line":195},"7":{"loc":{"start":{"line":242,"column":4},"end":{"line":242,"column":76}},"type":"if","locations":[{"start":{"line":242,"column":4},"end":{"line":242,"column":76}},{"start":{},"end":{}}],"line":242},"8":{"loc":{"start":{"line":245,"column":4},"end":{"line":247,"column":5}},"type":"if","locations":[{"start":{"line":245,"column":4},"end":{"line":247,"column":5}},{"start":{},"end":{}}],"line":245},"9":{"loc":{"start":{"line":286,"column":4},"end":{"line":286,"column":76}},"type":"if","locations":[{"start":{"line":286,"column":4},"end":{"line":286,"column":76}},{"start":{},"end":{}}],"line":286},"10":{"loc":{"start":{"line":288,"column":4},"end":{"line":290,"column":5}},"type":"if","locations":[{"start":{"line":288,"column":4},"end":{"line":290,"column":5}},{"start":{},"end":{}}],"line":288},"11":{"loc":{"start":{"line":331,"column":4},"end":{"line":331,"column":76}},"type":"if","locations":[{"start":{"line":331,"column":4},"end":{"line":331,"column":76}},{"start":{},"end":{}}],"line":331},"12":{"loc":{"start":{"line":333,"column":4},"end":{"line":335,"column":5}},"type":"if","locations":[{"start":{"line":333,"column":4},"end":{"line":335,"column":5}},{"start":{},"end":{}}],"line":333},"13":{"loc":{"start":{"line":376,"column":2},"end":{"line":378,"column":3}},"type":"if","locations":[{"start":{"line":376,"column":2},"end":{"line":378,"column":3}},{"start":{},"end":{}}],"line":376},"14":{"loc":{"start":{"line":384,"column":4},"end":{"line":386,"column":5}},"type":"if","locations":[{"start":{"line":384,"column":4},"end":{"line":386,"column":5}},{"start":{},"end":{}}],"line":384},"15":{"loc":{"start":{"line":390,"column":4},"end":{"line":392,"column":5}},"type":"if","locations":[{"start":{"line":390,"column":4},"end":{"line":392,"column":5}},{"start":{},"end":{}}],"line":390},"16":{"loc":{"start":{"line":426,"column":26},"end":{"line":426,"column":63}},"type":"binary-expr","locations":[{"start":{"line":426,"column":26},"end":{"line":426,"column":30}},{"start":{"line":426,"column":34},"end":{"line":426,"column":63}}],"line":426},"17":{"loc":{"start":{"line":462,"column":4},"end":{"line":464,"column":5}},"type":"if","locations":[{"start":{"line":462,"column":4},"end":{"line":464,"column":5}},{"start":{},"end":{}}],"line":462},"18":{"loc":{"start":{"line":501,"column":2},"end":{"line":503,"column":3}},"type":"if","locations":[{"start":{"line":501,"column":2},"end":{"line":503,"column":3}},{"start":{},"end":{}}],"line":501},"19":{"loc":{"start":{"line":523,"column":23},"end":{"line":527,"column":14}},"type":"cond-expr","locations":[{"start":{"line":524,"column":10},"end":{"line":524,"column":50}},{"start":{"line":525,"column":10},"end":{"line":527,"column":14}}],"line":523},"20":{"loc":{"start":{"line":525,"column":10},"end":{"line":527,"column":14}},"type":"cond-expr","locations":[{"start":{"line":526,"column":12},"end":{"line":526,"column":60}},{"start":{"line":527,"column":12},"end":{"line":527,"column":14}}],"line":525},"21":{"loc":{"start":{"line":531,"column":21},"end":{"line":531,"column":44}},"type":"binary-expr","locations":[{"start":{"line":531,"column":21},"end":{"line":531,"column":38}},{"start":{"line":531,"column":42},"end":{"line":531,"column":44}}],"line":531},"22":{"loc":{"start":{"line":532,"column":18},"end":{"line":532,"column":57}},"type":"binary-expr","locations":[{"start":{"line":532,"column":18},"end":{"line":532,"column":51}},{"start":{"line":532,"column":55},"end":{"line":532,"column":57}}],"line":532}},"s":{"0":1,"1":1,"2":1,"3":1,"4":1,"5":1,"6":1,"7":0,"8":0,"9":1,"10":1,"11":1,"12":1,"13":1,"14":1,"15":0,"16":1,"17":0,"18":1,"19":0,"20":1,"21":1,"22":1,"23":1,"24":1,"25":0,"26":1,"27":1,"28":1,"29":1,"30":1,"31":1,"32":1,"33":0,"34":0,"35":1,"36":1,"37":1,"38":1,"39":0,"40":1,"41":1,"42":0,"43":1,"44":1,"45":1,"46":1,"47":0,"48":1,"49":0,"50":0,"51":0,"52":0,"53":0,"54":0,"55":0,"56":0,"57":0,"58":0,"59":0,"60":0,"61":1,"62":1,"63":1,"64":1,"65":0,"66":1,"67":0,"68":1,"69":1,"70":0,"71":0,"72":1,"73":1,"74":1,"75":1,"76":0,"77":1,"78":0,"79":1,"80":1,"81":1,"82":1,"83":1,"84":1,"85":1,"86":1,"87":1,"88":0,"89":0,"90":1,"91":1,"92":0,"93":1,"94":1,"95":1,"96":1,"97":0,"98":1,"99":1,"100":1,"101":0,"102":0,"103":0,"104":0,"105":0,"106":0,"107":0,"108":1,"109":1,"110":1,"111":1,"112":0,"113":1,"114":1,"115":0,"116":0,"117":1,"118":1,"119":1,"120":0,"121":1,"122":1,"123":1,"124":1,"125":0,"126":0,"127":0,"128":0,"129":0,"130":0,"131":0,"132":0,"133":0,"134":0,"135":1,"136":1,"137":1},"f":{"0":1,"1":1,"2":1,"3":1,"4":0,"5":1,"6":1,"7":1,"8":0,"9":1,"10":1},"b":{"0":[0,1],"1":[0,1],"2":[0,1],"3":[0,1],"4":[0,1],"5":[1,1,1,1],"6":[0,1],"7":[0,0],"8":[0,0],"9":[0,1],"10":[0,1],"11":[0,1],"12":[0,1],"13":[0,1],"14":[0,1],"15":[1,0],"16":[0,0],"17":[0,1],"18":[0,1],"19":[0,0],"20":[0,0],"21":[0,0],"22":[0,0]},"_coverageSchema":"1a1c01bbd47fc00a2c39e90264f33305004495a9","hash":"972d688dd6f3ec88a2f323947d80c945081d98be"}
,"C:\\projects\\proyecto-poi-app\\backend\\src\\routes\\upload.routes.js": {"path":"C:\\projects\\proyecto-poi-app\\backend\\src\\routes\\upload.routes.js","statementMap":{"0":{"start":{"line":1,"column":16},"end":{"line":1,"column":34}},"1":{"start":{"line":2,"column":15},"end":{"line":2,"column":32}},"2":{"start":{"line":3,"column":13},"end":{"line":3,"column":28}},"3":{"start":{"line":5,"column":15},"end":{"line":5,"column":31}},"4":{"start":{"line":8,"column":16},"end":{"line":17,"column":2}},"5":{"start":{"line":10,"column":4},"end":{"line":10,"column":25}},"6":{"start":{"line":13,"column":25},"end":{"line":13,"column":75}},"7":{"start":{"line":14,"column":16},"end":{"line":14,"column":47}},"8":{"start":{"line":15,"column":4},"end":{"line":15,"column":56}},"9":{"start":{"line":19,"column":15},"end":{"line":19,"column":43}},"10":{"start":{"line":22,"column":0},"end":{"line":27,"column":3}},"11":{"start":{"line":23,"column":2},"end":{"line":23,"column":87}},"12":{"start":{"line":23,"column":17},"end":{"line":23,"column":87}},"13":{"start":{"line":25,"column":19},"end":{"line":25,"column":86}},"14":{"start":{"line":26,"column":2},"end":{"line":26,"column":37}},"15":{"start":{"line":29,"column":0},"end":{"line":29,"column":24}}},"fnMap":{"0":{"name":"(anonymous_0)","decl":{"start":{"line":9,"column":15},"end":{"line":9,"column":16}},"loc":{"start":{"line":9,"column":40},"end":{"line":11,"column":3}},"line":9},"1":{"name":"(anonymous_1)","decl":{"start":{"line":12,"column":12},"end":{"line":12,"column":13}},"loc":{"start":{"line":12,"column":37},"end":{"line":16,"column":3}},"line":12},"2":{"name":"(anonymous_2)","decl":{"start":{"line":22,"column":47},"end":{"line":22,"column":48}},"loc":{"start":{"line":22,"column":61},"end":{"line":27,"column":1}},"line":22}},"branchMap":{"0":{"loc":{"start":{"line":23,"column":2},"end":{"line":23,"column":87}},"type":"if","locations":[{"start":{"line":23,"column":2},"end":{"line":23,"column":87}},{"start":{},"end":{}}],"line":23}},"s":{"0":1,"1":1,"2":1,"3":1,"4":1,"5":0,"6":0,"7":0,"8":0,"9":1,"10":1,"11":0,"12":0,"13":0,"14":0,"15":1},"f":{"0":0,"1":0,"2":0},"b":{"0":[0,0]},"_coverageSchema":"1a1c01bbd47fc00a2c39e90264f33305004495a9","hash":"cbf5c0920240a8b2b83bf4de371ecc0503e3baa7"}
,"C:\\projects\\proyecto-poi-app\\backend\\src\\services\\foursquare.service.js": {"path":"C:\\projects\\proyecto-poi-app\\backend\\src\\services\\foursquare.service.js","statementMap":{"0":{"start":{"line":1,"column":14},"end":{"line":1,"column":30}},"1":{"start":{"line":3,"column":0},"end":{"line":18,"column":2}},"2":{"start":{"line":4,"column":14},"end":{"line":4,"column":59}},"3":{"start":{"line":6,"column":19},"end":{"line":15,"column":4}},"4":{"start":{"line":17,"column":2},"end":{"line":17,"column":31}}},"fnMap":{"0":{"name":"(anonymous_0)","decl":{"start":{"line":3,"column":34},"end":{"line":3,"column":35}},"loc":{"start":{"line":3,"column":57},"end":{"line":18,"column":1}},"line":3}},"branchMap":{},"s":{"0":3,"1":3,"2":4,"3":4,"4":2},"f":{"0":4},"b":{},"_coverageSchema":"1a1c01bbd47fc00a2c39e90264f33305004495a9","hash":"3468b31f617ec7930db088f5f0cb5d75ccdeefae"}
}
