TN:
SF:src\app.js
FN:32,(anonymous_0)
FN:33,(anonymous_1)
FNF:2
FNH:1
FNDA:1,(anonymous_0)
FNDA:0,(anonymous_1)
DA:1,1
DA:2,1
DA:3,1
DA:4,1
DA:6,1
DA:7,1
DA:8,1
DA:10,1
DA:11,1
DA:13,1
DA:14,1
DA:15,1
DA:18,1
DA:19,1
DA:22,1
DA:23,1
DA:26,1
DA:27,1
DA:29,1
DA:32,1
DA:33,0
DA:35,1
LF:22
LH:21
BRF:0
BRH:0
end_of_record
TN:
SF:src\controllers\foursquare.controller.js
FN:8,getPlaceDetails
FN:13,getPlacePhoto
FN:22,(anonymous_2)
FNF:3
FNH:3
FNDA:1,getPlaceDetails
FNDA:1,getPlacePhoto
FNDA:2,(anonymous_2)
DA:1,2
DA:2,2
DA:3,2
DA:5,2
DA:9,1
DA:10,1
DA:14,1
DA:15,1
DA:16,1
DA:17,1
DA:19,0
DA:22,2
DA:23,2
DA:24,2
DA:25,2
DA:27,2
DA:29,1
DA:31,1
DA:32,1
DA:33,1
DA:34,1
DA:35,1
DA:37,1
DA:59,1
DA:60,1
DA:62,0
DA:66,1
DA:68,1
DA:69,1
LF:29
LH:27
BRDA:15,0,0,1
BRDA:15,0,1,0
BRDA:24,1,0,2
BRDA:24,1,1,0
BRDA:25,2,0,2
BRDA:25,2,1,0
BRDA:39,3,0,1
BRDA:39,3,1,1
BRDA:55,4,0,1
BRDA:55,4,1,1
BRF:10
BRH:7
end_of_record
TN:
SF:src\docs\swaggerOptions.js
FNF:0
FNH:0
DA:1,1
LF:1
LH:1
BRF:0
BRH:0
end_of_record
TN:
SF:src\middlewares\firebaseAuth.js
FN:11,(anonymous_0)
FNF:1
FNH:1
FNDA:9,(anonymous_0)
DA:1,2
DA:2,2
DA:5,2
DA:6,0
DA:7,0
DA:8,0
DA:11,2
DA:12,9
DA:13,9
DA:15,9
DA:17,8
DA:18,7
DA:19,7
DA:22,1
DA:23,1
DA:24,1
DA:25,1
DA:27,0
DA:29,0
LF:19
LH:14
BRDA:5,0,0,0
BRDA:5,0,1,2
BRDA:6,1,0,0
BRDA:6,1,1,0
BRDA:15,2,0,1
BRDA:15,2,1,8
BRDA:17,3,0,7
BRDA:17,3,1,1
BRF:8
BRH:5
end_of_record
TN:
SF:src\models\poi.model.js
FNF:0
FNH:0
DA:2,3
DA:4,3
DA:34,3
DA:65,3
LF:4
LH:4
BRF:0
BRH:0
end_of_record
TN:
SF:src\routes\foursquare.routes.js
FN:18,(anonymous_0)
FN:33,(anonymous_1)
FNF:2
FNH:0
FNDA:0,(anonymous_0)
FNDA:0,(anonymous_1)
DA:1,1
DA:2,1
DA:3,1
DA:4,1
DA:6,1
DA:18,1
DA:19,0
DA:21,0
DA:22,0
DA:33,0
DA:41,0
DA:43,0
DA:47,1
LF:13
LH:7
BRF:0
BRH:0
end_of_record
TN:
SF:src\routes\poi.routes.js
FN:60,(anonymous_0)
FN:94,(anonymous_1)
FN:140,(anonymous_2)
FN:185,(anonymous_3)
FN:239,(anonymous_4)
FN:283,(anonymous_5)
FN:328,(anonymous_6)
FN:374,(anonymous_7)
FN:397,(anonymous_8)
FN:457,(anonymous_9)
FN:499,(anonymous_10)
FNF:11
FNH:9
FNDA:1,(anonymous_0)
FNDA:1,(anonymous_1)
FNDA:1,(anonymous_2)
FNDA:1,(anonymous_3)
FNDA:0,(anonymous_4)
FNDA:1,(anonymous_5)
FNDA:1,(anonymous_6)
FNDA:1,(anonymous_7)
FNDA:0,(anonymous_8)
FNDA:1,(anonymous_9)
FNDA:1,(anonymous_10)
DA:1,1
DA:2,1
DA:3,1
DA:4,1
DA:5,1
DA:11,1
DA:12,1
DA:14,0
DA:15,0
DA:17,1
DA:29,1
DA:60,1
DA:61,1
DA:62,1
DA:64,1
DA:65,1
DA:66,1
DA:68,1
DA:69,1
DA:94,1
DA:95,1
DA:96,1
DA:97,1
DA:140,1
DA:141,1
DA:142,1
DA:147,1
DA:148,1
DA:149,1
DA:151,0
DA:152,0
DA:185,1
DA:186,1
DA:187,1
DA:190,1
DA:191,0
DA:194,1
DA:195,1
DA:197,1
DA:206,1
DA:207,1
DA:209,1
DA:211,0
DA:239,1
DA:240,0
DA:241,0
DA:242,0
DA:244,0
DA:245,0
DA:246,0
DA:249,0
DA:250,0
DA:252,0
DA:254,0
DA:255,0
DA:283,1
DA:284,1
DA:285,1
DA:286,1
DA:288,1
DA:289,0
DA:292,1
DA:293,1
DA:295,0
DA:296,0
DA:328,1
DA:329,1
DA:330,1
DA:331,1
DA:333,1
DA:334,0
DA:336,1
DA:337,1
DA:338,1
DA:339,1
DA:340,1
DA:341,1
DA:342,1
DA:344,1
DA:345,1
DA:347,0
DA:348,0
DA:374,1
DA:376,1
DA:377,0
DA:380,1
DA:381,1
DA:382,1
DA:384,1
DA:385,0
DA:388,1
DA:390,1
DA:391,1
DA:394,0
DA:397,0
DA:415,0
DA:424,0
DA:426,0
DA:429,0
DA:430,0
DA:457,1
DA:458,1
DA:459,1
DA:462,1
DA:463,0
DA:466,1
DA:468,1
DA:470,0
DA:471,0
DA:499,1
DA:500,1
DA:501,1
DA:502,0
DA:505,1
DA:506,1
DA:508,1
DA:509,1
DA:515,0
DA:517,0
DA:518,0
DA:520,0
DA:521,0
DA:523,0
DA:529,0
DA:547,0
DA:548,0
DA:551,0
DA:553,1
DA:554,1
DA:558,1
LF:130
LH:84
BRDA:64,0,0,0
BRDA:64,0,1,1
BRDA:65,1,0,0
BRDA:65,1,1,1
BRDA:66,2,0,0
BRDA:66,2,1,1
BRDA:96,3,0,0
BRDA:96,3,1,1
BRDA:190,4,0,0
BRDA:190,4,1,1
BRDA:190,5,0,1
BRDA:190,5,1,1
BRDA:190,5,2,1
BRDA:190,5,3,1
BRDA:195,6,0,0
BRDA:195,6,1,1
BRDA:242,7,0,0
BRDA:242,7,1,0
BRDA:245,8,0,0
BRDA:245,8,1,0
BRDA:286,9,0,0
BRDA:286,9,1,1
BRDA:288,10,0,0
BRDA:288,10,1,1
BRDA:331,11,0,0
BRDA:331,11,1,1
BRDA:333,12,0,0
BRDA:333,12,1,1
BRDA:376,13,0,0
BRDA:376,13,1,1
BRDA:384,14,0,0
BRDA:384,14,1,1
BRDA:390,15,0,1
BRDA:390,15,1,0
BRDA:426,16,0,0
BRDA:426,16,1,0
BRDA:462,17,0,0
BRDA:462,17,1,1
BRDA:501,18,0,0
BRDA:501,18,1,1
BRDA:523,19,0,0
BRDA:523,19,1,0
BRDA:525,20,0,0
BRDA:525,20,1,0
BRDA:531,21,0,0
BRDA:531,21,1,0
BRDA:532,22,0,0
BRDA:532,22,1,0
BRF:48
BRH:19
end_of_record
TN:
SF:src\routes\upload.routes.js
FN:9,(anonymous_0)
FN:12,(anonymous_1)
FN:22,(anonymous_2)
FNF:3
FNH:0
FNDA:0,(anonymous_0)
FNDA:0,(anonymous_1)
FNDA:0,(anonymous_2)
DA:1,1
DA:2,1
DA:3,1
DA:5,1
DA:8,1
DA:10,0
DA:13,0
DA:14,0
DA:15,0
DA:19,1
DA:22,1
DA:23,0
DA:25,0
DA:26,0
DA:29,1
LF:15
LH:8
BRDA:23,0,0,0
BRDA:23,0,1,0
BRF:2
BRH:0
end_of_record
TN:
SF:src\services\foursquare.service.js
FN:3,(anonymous_0)
FNF:1
FNH:1
FNDA:4,(anonymous_0)
DA:1,3
DA:3,3
DA:4,4
DA:6,4
DA:17,2
LF:5
LH:5
BRF:0
BRH:0
end_of_record
